{
  "RSpec": {
    "coverage": {
      "/Users/briancolfer/Projects/abcscribe/app/helpers/application_helper.rb": {
        "lines": [
          1,
          null
        ]
      },
      "/Users/briancolfer/Projects/abcscribe/app/helpers/home_helper.rb": {
        "lines": [
          1,
          null
        ]
      },
      "/Users/briancolfer/Projects/abcscribe/app/helpers/journal_entries_helper.rb": {
        "lines": [
          1,
          null
        ]
      },
      "/Users/briancolfer/Projects/abcscribe/app/helpers/tags_helper.rb": {
        "lines": [
          1,
          null
        ]
      },
      "/Users/briancolfer/Projects/abcscribe/app/models/user.rb": {
        "lines": [
          1,
          null,
          null,
          1,
          null,
          null,
          1,
          1,
          null
        ]
      },
      "/Users/briancolfer/Projects/abcscribe/app/models/application_record.rb": {
        "lines": [
          1,
          1,
          null
        ]
      },
      "/Users/briancolfer/Projects/abcscribe/app/controllers/application_controller.rb": {
        "lines": [
          1,
          null,
          1,
          null,
          null,
          1,
          1,
          null,
          null,
          1,
          null,
          1,
          null,
          1,
          3,
          null,
          null,
          1,
          null,
          1,
          2,
          2,
          null,
          null
        ]
      },
      "/Users/briancolfer/Projects/abcscribe/app/controllers/home_controller.rb": {
        "lines": [
          1,
          1,
          null,
          1,
          null,
          null
        ]
      },
      "/Users/briancolfer/Projects/abcscribe/app/controllers/journal_entries_controller.rb": {
        "lines": [
          0,
          0,
          null,
          0,
          0,
          0,
          null,
          0,
          0,
          null,
          0,
          0,
          0,
          null,
          0,
          0,
          null,
          0,
          null,
          0,
          0,
          0,
          0,
          null,
          null,
          0,
          0,
          0,
          0,
          0,
          0,
          0,
          0,
          null,
          0,
          0,
          0,
          0,
          0,
          null,
          0,
          0,
          null,
          0,
          0,
          null,
          0,
          null,
          null,
          0,
          0,
          0,
          0,
          null,
          null,
          0,
          0,
          0,
          0,
          0,
          0,
          0,
          0,
          0,
          0,
          0,
          0,
          0,
          null,
          0,
          0,
          0,
          0,
          null,
          0,
          null,
          0,
          0,
          0,
          null,
          0,
          0,
          0,
          0,
          0
        ],
        "branches": {}
      },
      "/Users/briancolfer/Projects/abcscribe/app/controllers/tags_controller.rb": {
        "lines": [
          0,
          0,
          null,
          0,
          0,
          0,
          0,
          0,
          0,
          0,
          0,
          0,
          0,
          0,
          0,
          null,
          0,
          0,
          0,
          0,
          0
        ],
        "branches": {}
      },
      "/Users/briancolfer/Projects/abcscribe/app/jobs/application_job.rb": {
        "lines": [
          0,
          null,
          null,
          null,
          null,
          null,
          0
        ],
        "branches": {}
      },
      "/Users/briancolfer/Projects/abcscribe/app/mailers/application_mailer.rb": {
        "lines": [
          0,
          0,
          0,
          0
        ],
        "branches": {}
      },
      "/Users/briancolfer/Projects/abcscribe/app/models/journal_entry.rb": {
        "lines": [
          0,
          0,
          0,
          0,
          null,
          0,
          0,
          0,
          null,
          null,
          0,
          null,
          0,
          0,
          0,
          null,
          0,
          0,
          0,
          0
        ],
        "branches": {}
      },
      "/Users/briancolfer/Projects/abcscribe/app/models/journal_entry_tag.rb": {
        "lines": [
          0,
          0,
          0,
          0
        ],
        "branches": {}
      },
      "/Users/briancolfer/Projects/abcscribe/app/models/tag.rb": {
        "lines": [
          0,
          0,
          0,
          0,
          0,
          0
        ],
        "branches": {}
      }
    },
    "timestamp": 1750660876
  }
}
