{
  "RSpec": {
    "coverage": {
      "/Users/briancolfer/Projects/abcscribe/app/helpers/application_helper.rb": {
        "lines": [
          1,
          null
        ]
      },
      "/Users/briancolfer/Projects/abcscribe/app/helpers/home_helper.rb": {
        "lines": [
          1,
          null
        ]
      },
      "/Users/briancolfer/Projects/abcscribe/app/helpers/journal_entries_helper.rb": {
        "lines": [
          1,
          null
        ]
      },
      "/Users/briancolfer/Projects/abcscribe/app/helpers/tags_helper.rb": {
        "lines": [
          1,
          null
        ]
      },
      "/Users/briancolfer/Projects/abcscribe/app/models/journal_entry.rb": {
        "lines": [
          1,
          1,
          1,
          1,
          null,
          1,
          1,
          1,
          null,
          null,
          1,
          null,
          1,
          2,
          null,
          null,
          1,
          2,
          null,
          null
        ]
      },
      "/Users/briancolfer/Projects/abcscribe/app/models/application_record.rb": {
        "lines": [
          1,
          1,
          null
        ]
      },
      "/Users/briancolfer/Projects/abcscribe/app/models/journal_entry_tag.rb": {
        "lines": [
          1,
          1,
          1,
          null
        ]
      },
      "/Users/briancolfer/Projects/abcscribe/app/models/tag.rb": {
        "lines": [
          1,
          1,
          1,
          1,
          1,
          null
        ]
      },
      "/Users/briancolfer/Projects/abcscribe/app/models/user.rb": {
        "lines": [
          1,
          null,
          null,
          1,
          null,
          null,
          1,
          1,
          null
        ]
      },
      "/Users/briancolfer/Projects/abcscribe/app/controllers/journal_entries_controller.rb": {
        "lines": [
          1,
          1,
          null,
          1,
          10,
          null,
          null,
          1,
          null,
          null,
          1,
          35,
          null,
          null,
          1,
          9,
          null,
          9,
          null,
          9,
          3,
          3,
          null,
          null,
          null,
          9,
          4,
          4,
          4,
          4,
          4,
          null,
          null,
          null,
          8,
          null,
          0,
          null,
          null,
          null,
          1,
          null,
          null,
          1,
          4,
          null,
          4,
          null,
          null,
          4,
          1,
          1,
          null,
          null,
          null,
          4,
          1,
          1,
          1,
          1,
          1,
          null,
          null,
          4,
          null,
          0,
          null,
          null,
          null,
          1,
          2,
          2,
          null,
          null,
          1,
          null,
          1,
          23,
          null,
          null,
          1,
          13,
          null,
          null,
          null
        ]
      },
      "/Users/briancolfer/Projects/abcscribe/app/controllers/application_controller.rb": {
        "lines": [
          1,
          null,
          1,
          null,
          null,
          1,
          1,
          null,
          null,
          1,
          null,
          1,
          null,
          1,
          339,
          null,
          null,
          1,
          null,
          1,
          177,
          177,
          null,
          null
        ]
      },
      "/Users/briancolfer/Projects/abcscribe/app/controllers/home_controller.rb": {
        "lines": [
          1,
          1,
          null,
          1,
          null,
          null
        ]
      },
      "/Users/briancolfer/Projects/abcscribe/app/controllers/tags_controller.rb": {
        "lines": [
          1,
          1,
          null,
          1,
          19,
          19,
          18,
          null,
          null,
          null,
          18,
          null,
          1,
          null,
          null,
          null,
          1,
          2,
          2,
          null,
          null
        ]
      },
      "/Users/briancolfer/Projects/abcscribe/app/jobs/application_job.rb": {
        "lines": [
          0,
          null,
          null,
          null,
          null,
          null,
          0
        ],
        "branches": {}
      },
      "/Users/briancolfer/Projects/abcscribe/app/mailers/application_mailer.rb": {
        "lines": [
          0,
          0,
          0,
          0
        ],
        "branches": {}
      }
    },
    "timestamp": 1750662431
  }
}
